<?xml version="1.0" encoding="UTF-8"?>
<!-- Generated by org.testng.reporters.JUnitReportReporter -->
<testsuite hostname="MICROSOFT-PC" name="ru.st.selenium.Login" tests="1" failures="0" timestamp="31 Oct 2015 21:35:48 GMT" time="10.267" errors="0">
  <testcase name="testUntitled" time="10.267" classname="ru.st.selenium.Login"/>
</testsuite> <!-- ru.st.selenium.Login -->
