<?xml version="1.0" encoding="UTF-8"?>
<!-- Generated by org.testng.reporters.JUnitReportReporter -->
<testsuite hostname="MICROSOFT-PC" name="ru.st.selenium.Avatar" tests="1" failures="0" timestamp="1 Nov 2015 14:31:12 GMT" time="58.573" errors="0">
  <testcase name="testUntitled4" time="58.573" classname="ru.st.selenium.Avatar"/>
</testsuite> <!-- ru.st.selenium.Avatar -->
